Removed Pin From Net: NetName=3V3 Pin=J2-1
Removed Pin From Net: NetName=GND Pin=J2-2
Removed Pin From Net: NetName=SWDIO Pin=J2-3
Removed Pin From Net: NetName=SWCLK Pin=J2-4
Removed Member From Class: ClassName=Sheet1 Member=J2
Added Component: Designator=CR1(SOD992B_NEX)
Add component (AddParameter): Name = "Copyright"; Value = "Copyright (C) 2023 Ultra Librarian. All rights reserved."; VariantName = "[No Variations]"
Add component (AddParameter): Name = "Manufacturer_Part_Number"; Value = "PESD5V0H1BSNYL"; VariantName = "[No Variations]"
Add component (AddParameter): Name = "Mfr_Name"; Value = "Nexperia"; VariantName = "[No Variations]"
Add component (AddParameter): Name = "RefDes"; Value = "RefDes"; VariantName = "[No Variations]"
Add component (AddParameter): Name = "Type"; Value = "DEV"; VariantName = "[No Variations]"
Added Component: Designator=CR2(SOD992B_NEX)
Add component (AddParameter): Name = "Copyright"; Value = "Copyright (C) 2023 Ultra Librarian. All rights reserved."; VariantName = "[No Variations]"
Add component (AddParameter): Name = "Manufacturer_Part_Number"; Value = "PESD5V0H1BSNYL"; VariantName = "[No Variations]"
Add component (AddParameter): Name = "Mfr_Name"; Value = "Nexperia"; VariantName = "[No Variations]"
Add component (AddParameter): Name = "RefDes"; Value = "RefDes"; VariantName = "[No Variations]"
Add component (AddParameter): Name = "Type"; Value = "DEV"; VariantName = "[No Variations]"
Added Component: Designator=CR3(SOD992B_NEX)
Add component (AddParameter): Name = "Copyright"; Value = "Copyright (C) 2023 Ultra Librarian. All rights reserved."; VariantName = "[No Variations]"
Add component (AddParameter): Name = "Manufacturer_Part_Number"; Value = "PESD5V0H1BSNYL"; VariantName = "[No Variations]"
Add component (AddParameter): Name = "Mfr_Name"; Value = "Nexperia"; VariantName = "[No Variations]"
Add component (AddParameter): Name = "RefDes"; Value = "RefDes"; VariantName = "[No Variations]"
Add component (AddParameter): Name = "Type"; Value = "DEV"; VariantName = "[No Variations]"
Added Component: Designator=CR4(SOD992B_NEX)
Add component (AddParameter): Name = "Copyright"; Value = "Copyright (C) 2023 Ultra Librarian. All rights reserved."; VariantName = "[No Variations]"
Add component (AddParameter): Name = "Manufacturer_Part_Number"; Value = "PESD5V0H1BSNYL"; VariantName = "[No Variations]"
Add component (AddParameter): Name = "Mfr_Name"; Value = "Nexperia"; VariantName = "[No Variations]"
Add component (AddParameter): Name = "RefDes"; Value = "RefDes"; VariantName = "[No Variations]"
Add component (AddParameter): Name = "Type"; Value = "DEV"; VariantName = "[No Variations]"
Added Component: Designator=CR5(SOD992B_NEX)
Add component (AddParameter): Name = "Copyright"; Value = "Copyright (C) 2023 Ultra Librarian. All rights reserved."; VariantName = "[No Variations]"
Add component (AddParameter): Name = "Manufacturer_Part_Number"; Value = "PESD5V0H1BSNYL"; VariantName = "[No Variations]"
Add component (AddParameter): Name = "Mfr_Name"; Value = "Nexperia"; VariantName = "[No Variations]"
Add component (AddParameter): Name = "RefDes"; Value = "RefDes"; VariantName = "[No Variations]"
Add component (AddParameter): Name = "Type"; Value = "DEV"; VariantName = "[No Variations]"
Added Component: Designator=P1(SMTC-TSM-104-01-X-SH)
Add component (AddParameter): Name = "ComponentLink1Description"; Value = "Manufacturer URL"; VariantName = "[No Variations]"
Add component (AddParameter): Name = "ComponentLink1URL"; Value = "http://www.samtec.com"; VariantName = "[No Variations]"
Add component (AddParameter): Name = "ComponentLink2Description"; Value = "Datasheet"; VariantName = "[No Variations]"
Add component (AddParameter): Name = "ComponentLink2URL"; Value = "http://www.samtec.com/documents/webfiles/pdf/TSM.PDF"; VariantName = "[No Variations]"
Add component (AddParameter): Name = "ComponentLink3Description"; Value = "Package Specification"; VariantName = "[No Variations]"
Add component (AddParameter): Name = "ComponentLink3URL"; Value = "http://www.samtec.com/documents/webfiles/cpdf/TSM-1XX-XX-XXX-SH-XX-XXX-XX-MKT1.pdf"; VariantName = "[No Variations]"
Add component (AddParameter): Name = "DatasheetVersion"; Value = "F-214"; VariantName = "[No Variations]"
Add component (AddParameter): Name = "Manufacturer"; Value = "Samtec"; VariantName = "[No Variations]"
Add component (AddParameter): Name = "Mounting Technology"; Value = "Surface Mount"; VariantName = "[No Variations]"
Add component (AddParameter): Name = "Orientation"; Value = "Horizontal"; VariantName = "[No Variations]"
Add component (AddParameter): Name = "PackageDescription"; Value = "Terminal Strip Single Surface Mount"; VariantName = "[No Variations]"
Add component (AddParameter): Name = "PackageReference"; Value = "TSM-104-01-X-SH"; VariantName = "[No Variations]"
Add component (AddParameter): Name = "PackageVersion"; Value = "CD, 7/1991"; VariantName = "[No Variations]"
Add component (AddParameter): Name = "PartNumber"; Value = "TSM-104-01-L-SH"; VariantName = "[No Variations]"
Add component (AddParameter): Name = "Pitch"; Value = "2.54 mm"; VariantName = "[No Variations]"
Add component (AddParameter): Name = "RoHS"; Value = "True"; VariantName = "[No Variations]"
Add component (AddParameter): Name = "Temperature Range"; Value = "-55 to 125 degC"; VariantName = "[No Variations]"
Added Pin To Net: NetName=GND Pin=CR1-1
Added Pin To Net: NetName=MISO Pin=CR1-2
Added Pin To Net: NetName=GND Pin=CR2-1
Added Pin To Net: NetName=CLK Pin=CR2-2
Added Pin To Net: NetName=GND Pin=CR3-1
Added Pin To Net: NetName=3V3 Pin=CR3-2
Added Pin To Net: NetName=GND Pin=CR4-1
Added Pin To Net: NetName=MOSI Pin=CR4-2
Added Pin To Net: NetName=GND Pin=CR5-1
Added Pin To Net: NetName=CS_SD Pin=CR5-2
Added Pin To Net: NetName=3V3 Pin=P1-1
Added Pin To Net: NetName=GND Pin=P1-2
Added Pin To Net: NetName=SWDIO Pin=P1-3
Added Pin To Net: NetName=SWCLK Pin=P1-4
Added Member To Class: ClassName=Sheet1 Member=Component CR1 PESD5V0H1BSNYL
Added Member To Class: ClassName=Sheet1 Member=Component CR2 PESD5V0H1BSNYL
Added Member To Class: ClassName=Sheet1 Member=Component CR3 PESD5V0H1BSNYL
Added Member To Class: ClassName=Sheet1 Member=Component CR4 PESD5V0H1BSNYL
Added Member To Class: ClassName=Sheet1 Member=Component CR5 PESD5V0H1BSNYL
Added Member To Class: ClassName=Sheet2 Member=Component DS8 MEM_ON
Added Member To Class: ClassName=Sheet1 Member=Component P1 TSM-104-01-L-SH
