Removed Pin From Net: NetName=OSC_IN Pin=U1-5
Removed Pin From Net: NetName=OSC_OUT Pin=U1-6
Removed Pin From Net: NetName=NRST Pin=U1-7
Removed Pin From Net: NetName=GND Pin=U1-8
Removed Pin From Net: NetName=3V3 Pin=U1-9
Removed Pin From Net: NetName=uC_ON Pin=U1-12
Removed Pin From Net: NetName=CS_MEM Pin=U1-13
Removed Pin From Net: NetName=CS_SD Pin=U1-14
Removed Pin From Net: NetName=CLK Pin=U1-15
Removed Pin From Net: NetName=MISO Pin=U1-16
Removed Pin From Net: NetName=MOSI Pin=U1-17
Removed Pin From Net: NetName=DETECT Pin=U1-18
Removed Pin From Net: NetName=MEM_CPLT Pin=U1-19
Removed Pin From Net: NetName=SD_CPLT Pin=U1-20
Removed Pin From Net: NetName=USB_N Pin=U1-32
Removed Pin From Net: NetName=USB_P Pin=U1-33
Removed Pin From Net: NetName=SWDIO Pin=U1-34
Removed Pin From Net: NetName=SWCLK Pin=U1-37
Removed Pin From Net: NetName=I2C_CPLT Pin=U1-41
Removed Pin From Net: NetName=ACC_SCL Pin=U1-42
Removed Pin From Net: NetName=ACC_SDA Pin=U1-43
Added Pin To Net: NetName=OSC_OUT Pin=U1-5
Added Pin To Net: NetName=uC_ON Pin=U1-11
Added Pin To Net: NetName=CS_MEM Pin=U1-12
Added Pin To Net: NetName=CS_SD Pin=U1-13
Added Pin To Net: NetName=CLK Pin=U1-14
Added Pin To Net: NetName=MISO Pin=U1-15
Added Pin To Net: NetName=MOSI Pin=U1-16
Added Pin To Net: NetName=MEM_CPLT Pin=U1-18
Added Pin To Net: NetName=SD_CPLT Pin=U1-19
Added Pin To Net: NetName=USB_N Pin=U1-31
Added Pin To Net: NetName=USB_P Pin=U1-32
Added Pin To Net: NetName=SWDIO Pin=U1-33
Added Pin To Net: NetName=SWCLK Pin=U1-34
Added Pin To Net: NetName=I2C_CPLT Pin=U1-40
Added Pin To Net: NetName=ACC_SCL Pin=U1-41
Added Pin To Net: NetName=ACC_SDA Pin=U1-42
