Removed Pin From Net: NetName=GND Pin=*-2
Removed Member From Class: ClassName=Sheet1 Member=*
Removed Member From Class: ClassName=Sheet2 Member=DS3
Removed Member From Class: ClassName=Sheet2 Member=DS4
Removed Member From Class: ClassName=Sheet2 Member=DS5
Removed Member From Class: ClassName=Sheet2 Member=DS6
Removed Member From Class: ClassName=Sheet2 Member=DS7
Removed Member From Class: ClassName=Sheet2 Member=DS8
Added Component: Designator=D6(0603 LED)
Added Component: Designator=D7(0603 LED)
Added Component: Designator=D8(0603 LED)
Added Component: Designator=D9(0603 LED)
Added Component: Designator=D10(0603 LED)
Added Component: Designator=D11(0603 LED)
Added Component: Designator=D12(0603 LED)
Added Component: Designator=D13(0603 LED)
Added Component: Designator=D14(0603 LED)
Added Component: Designator=D15(0603 LED)
Added Pin To Net: NetName=GND Pin=D8-2
Added Pin To Net: NetName=GND Pin=D9-2
Added Pin To Net: NetName=GND Pin=D10-2
Added Pin To Net: NetName=GND Pin=D11-2
Added Pin To Net: NetName=GND Pin=D12-2
Added Pin To Net: NetName=GND Pin=D13-2
Added Pin To Net: NetName=GND Pin=D14-2
Added Pin To Net: NetName=GND Pin=D15-2
Added Pin To Net: NetName=NetD8_1 Pin=D8-1
Added Pin To Net: NetName=NetD8_1 Pin=R4-1
Added Net: Name=NetD8_1
Added Pin To Net: NetName=NetD9_1 Pin=D9-1
Added Pin To Net: NetName=NetD9_1 Pin=R2-1
Added Net: Name=NetD9_1
Added Pin To Net: NetName=NetD10_1 Pin=D10-1
Added Pin To Net: NetName=NetD10_1 Pin=R11-1
Added Net: Name=NetD10_1
Added Pin To Net: NetName=NetD11_1 Pin=D11-1
Added Pin To Net: NetName=NetD11_1 Pin=R12-1
Added Net: Name=NetD11_1
Added Pin To Net: NetName=NetD12_1 Pin=D12-1
Added Pin To Net: NetName=NetD12_1 Pin=R13-1
Added Net: Name=NetD12_1
Added Pin To Net: NetName=NetD13_1 Pin=D13-1
Added Pin To Net: NetName=NetD13_1 Pin=R9-1
Added Net: Name=NetD13_1
Added Pin To Net: NetName=NetD14_1 Pin=D14-1
Added Pin To Net: NetName=NetD14_1 Pin=R10-1
Added Net: Name=NetD14_1
Added Pin To Net: NetName=NetD15_1 Pin=D15-1
Added Pin To Net: NetName=NetD15_1 Pin=R14-1
Added Net: Name=NetD15_1
Added Member To Class: ClassName=Sheet1 Member=Component D6 0603 LED
Added Member To Class: ClassName=Sheet1 Member=Component D7 0603 LED
Added Member To Class: ClassName=Sheet1 Member=Component D8 0603 LED
Added Member To Class: ClassName=Sheet1 Member=Component D9 0603 LED
Added Member To Class: ClassName=Sheet2 Member=Component D10 0603 LED
Added Member To Class: ClassName=Sheet2 Member=Component D11 0603 LED
Added Member To Class: ClassName=Sheet2 Member=Component D12 0603 LED
Added Member To Class: ClassName=Sheet2 Member=Component D13 0603 LED
Added Member To Class: ClassName=Sheet2 Member=Component D14 0603 LED
Added Member To Class: ClassName=Sheet2 Member=Component D15 0603 LED
